2021-04-06 22:37:23 DEBUG Main:14 - Something
2021-04-06 22:37:23 DEBUG logging:28 - Logging Provider: org.jboss.logging.Log4jLoggerProvider
2021-04-06 22:37:23 DEBUG IntegratorServiceImpl:46 - Adding Integrator [org.hibernate.cfg.beanvalidation.BeanValidationIntegrator].
2021-04-06 22:37:23 DEBUG IntegratorServiceImpl:46 - Adding Integrator [org.hibernate.secure.spi.JaccIntegrator].
2021-04-06 22:37:23 DEBUG IntegratorServiceImpl:46 - Adding Integrator [org.hibernate.cache.internal.CollectionCacheInvalidator].
2021-04-06 22:37:23 INFO  Version:44 - HHH000412: Hibernate ORM core version 5.4.28.Final
2021-04-06 22:37:23 DEBUG Environment:199 - HHH000206: hibernate.properties not found
2021-04-06 22:37:24 DEBUG LocalXmlResourceResolver:63 - Interpreting public/system identifier : [-//Hibernate/Hibernate Configuration DTD//EN] - [http://www.hibernate.org/dtd/hibernate-configuration-3.0.dtd]
2021-04-06 22:37:24 DEBUG LocalXmlResourceResolver:91 - Recognized hibernate-configuration identifier; attempting to resolve on classpath under org/hibernate/
2021-04-06 22:37:24 DEBUG JaxbCfgProcessor:117 - cfg.xml document did not define namespaces; wrapping in custom event reader to introduce namespace information
2021-04-06 22:37:25 DEBUG IntegratorServiceImpl:46 - Adding Integrator [org.hibernate.cfg.beanvalidation.BeanValidationIntegrator].
2021-04-06 22:37:25 DEBUG IntegratorServiceImpl:46 - Adding Integrator [org.hibernate.secure.spi.JaccIntegrator].
2021-04-06 22:37:25 DEBUG IntegratorServiceImpl:46 - Adding Integrator [org.hibernate.cache.internal.CollectionCacheInvalidator].
2021-04-06 22:37:25 DEBUG ServiceBinding:68 - Overriding existing service binding [org.hibernate.secure.spi.JaccService]
2021-04-06 22:37:25 DEBUG Configuration:652 - Building session factory using provided StandardServiceRegistry
2021-04-06 22:37:25 DEBUG RegionFactoryInitiator:118 - Cannot default RegionFactory based on registered strategies as `[]` RegionFactory strategies were registered
2021-04-06 22:37:25 DEBUG RegionFactoryInitiator:49 - Cache region factory : org.hibernate.cache.internal.NoCachingRegionFactory
2021-04-06 22:37:25 INFO  Version:56 - HCANN000001: Hibernate Commons Annotations {5.1.2.Final}
2021-04-06 22:37:25 DEBUG BasicTypeRegistry:157 - Adding type registration boolean -> org.hibernate.type.BooleanType@6138e79a
2021-04-06 22:37:25 DEBUG BasicTypeRegistry:157 - Adding type registration boolean -> org.hibernate.type.BooleanType@6138e79a
2021-04-06 22:37:25 DEBUG BasicTypeRegistry:157 - Adding type registration java.lang.Boolean -> org.hibernate.type.BooleanType@6138e79a
2021-04-06 22:37:25 DEBUG BasicTypeRegistry:157 - Adding type registration numeric_boolean -> org.hibernate.type.NumericBooleanType@7803bfd
2021-04-06 22:37:25 DEBUG BasicTypeRegistry:157 - Adding type registration true_false -> org.hibernate.type.TrueFalseType@6436a7db
2021-04-06 22:37:25 DEBUG BasicTypeRegistry:157 - Adding type registration yes_no -> org.hibernate.type.YesNoType@25aca718
2021-04-06 22:37:25 DEBUG BasicTypeRegistry:157 - Adding type registration byte -> org.hibernate.type.ByteType@6a55299e
2021-04-06 22:37:25 DEBUG BasicTypeRegistry:157 - Adding type registration byte -> org.hibernate.type.ByteType@6a55299e
2021-04-06 22:37:25 DEBUG BasicTypeRegistry:157 - Adding type registration java.lang.Byte -> org.hibernate.type.ByteType@6a55299e
2021-04-06 22:37:25 DEBUG BasicTypeRegistry:157 - Adding type registration character -> org.hibernate.type.CharacterType@5a18cd76
2021-04-06 22:37:25 DEBUG BasicTypeRegistry:157 - Adding type registration char -> org.hibernate.type.CharacterType@5a18cd76
2021-04-06 22:37:25 DEBUG BasicTypeRegistry:157 - Adding type registration java.lang.Character -> org.hibernate.type.CharacterType@5a18cd76
2021-04-06 22:37:25 DEBUG BasicTypeRegistry:157 - Adding type registration short -> org.hibernate.type.ShortType@77825085
2021-04-06 22:37:25 DEBUG BasicTypeRegistry:157 - Adding type registration short -> org.hibernate.type.ShortType@77825085
2021-04-06 22:37:25 DEBUG BasicTypeRegistry:157 - Adding type registration java.lang.Short -> org.hibernate.type.ShortType@77825085
2021-04-06 22:37:25 DEBUG BasicTypeRegistry:157 - Adding type registration integer -> org.hibernate.type.IntegerType@1b835480
2021-04-06 22:37:25 DEBUG BasicTypeRegistry:157 - Adding type registration int -> org.hibernate.type.IntegerType@1b835480
2021-04-06 22:37:25 DEBUG BasicTypeRegistry:157 - Adding type registration java.lang.Integer -> org.hibernate.type.IntegerType@1b835480
2021-04-06 22:37:25 DEBUG BasicTypeRegistry:157 - Adding type registration long -> org.hibernate.type.LongType@525575
2021-04-06 22:37:25 DEBUG BasicTypeRegistry:157 - Adding type registration long -> org.hibernate.type.LongType@525575
2021-04-06 22:37:25 DEBUG BasicTypeRegistry:157 - Adding type registration java.lang.Long -> org.hibernate.type.LongType@525575
2021-04-06 22:37:25 DEBUG BasicTypeRegistry:157 - Adding type registration float -> org.hibernate.type.FloatType@34a875b3
2021-04-06 22:37:25 DEBUG BasicTypeRegistry:157 - Adding type registration float -> org.hibernate.type.FloatType@34a875b3
2021-04-06 22:37:25 DEBUG BasicTypeRegistry:157 - Adding type registration java.lang.Float -> org.hibernate.type.FloatType@34a875b3
2021-04-06 22:37:25 DEBUG BasicTypeRegistry:157 - Adding type registration double -> org.hibernate.type.DoubleType@6dee4f1b
2021-04-06 22:37:25 DEBUG BasicTypeRegistry:157 - Adding type registration double -> org.hibernate.type.DoubleType@6dee4f1b
2021-04-06 22:37:25 DEBUG BasicTypeRegistry:157 - Adding type registration java.lang.Double -> org.hibernate.type.DoubleType@6dee4f1b
2021-04-06 22:37:25 DEBUG BasicTypeRegistry:157 - Adding type registration big_decimal -> org.hibernate.type.BigDecimalType@797cf65c
2021-04-06 22:37:25 DEBUG BasicTypeRegistry:157 - Adding type registration java.math.BigDecimal -> org.hibernate.type.BigDecimalType@797cf65c
2021-04-06 22:37:25 DEBUG BasicTypeRegistry:157 - Adding type registration big_integer -> org.hibernate.type.BigIntegerType@1941a8ff
2021-04-06 22:37:25 DEBUG BasicTypeRegistry:157 - Adding type registration java.math.BigInteger -> org.hibernate.type.BigIntegerType@1941a8ff
2021-04-06 22:37:25 DEBUG BasicTypeRegistry:157 - Adding type registration string -> org.hibernate.type.StringType@691939c9
2021-04-06 22:37:25 DEBUG BasicTypeRegistry:157 - Adding type registration java.lang.String -> org.hibernate.type.StringType@691939c9
2021-04-06 22:37:25 DEBUG BasicTypeRegistry:157 - Adding type registration nstring -> org.hibernate.type.StringNVarcharType@71529963
2021-04-06 22:37:25 DEBUG BasicTypeRegistry:157 - Adding type registration ncharacter -> org.hibernate.type.CharacterNCharType@3f270e0a
2021-04-06 22:37:25 DEBUG BasicTypeRegistry:157 - Adding type registration url -> org.hibernate.type.UrlType@7e3181aa
2021-04-06 22:37:25 DEBUG BasicTypeRegistry:157 - Adding type registration java.net.URL -> org.hibernate.type.UrlType@7e3181aa
2021-04-06 22:37:25 DEBUG BasicTypeRegistry:157 - Adding type registration Duration -> org.hibernate.type.DurationType@6aa3a905
2021-04-06 22:37:25 DEBUG BasicTypeRegistry:157 - Adding type registration java.time.Duration -> org.hibernate.type.DurationType@6aa3a905
2021-04-06 22:37:25 DEBUG BasicTypeRegistry:157 - Adding type registration Instant -> org.hibernate.type.InstantType@79c7532f
2021-04-06 22:37:25 DEBUG BasicTypeRegistry:157 - Adding type registration java.time.Instant -> org.hibernate.type.InstantType@79c7532f
2021-04-06 22:37:25 DEBUG BasicTypeRegistry:157 - Adding type registration LocalDateTime -> org.hibernate.type.LocalDateTimeType@2f40e5db
2021-04-06 22:37:25 DEBUG BasicTypeRegistry:157 - Adding type registration java.time.LocalDateTime -> org.hibernate.type.LocalDateTimeType@2f40e5db
2021-04-06 22:37:25 DEBUG BasicTypeRegistry:157 - Adding type registration LocalDate -> org.hibernate.type.LocalDateType@49cb9cb5
2021-04-06 22:37:25 DEBUG BasicTypeRegistry:157 - Adding type registration java.time.LocalDate -> org.hibernate.type.LocalDateType@49cb9cb5
2021-04-06 22:37:25 DEBUG BasicTypeRegistry:157 - Adding type registration LocalTime -> org.hibernate.type.LocalTimeType@76884e4b
2021-04-06 22:37:25 DEBUG BasicTypeRegistry:157 - Adding type registration java.time.LocalTime -> org.hibernate.type.LocalTimeType@76884e4b
2021-04-06 22:37:25 DEBUG BasicTypeRegistry:157 - Adding type registration OffsetDateTime -> org.hibernate.type.OffsetDateTimeType@6986bbaf
2021-04-06 22:37:25 DEBUG BasicTypeRegistry:157 - Adding type registration java.time.OffsetDateTime -> org.hibernate.type.OffsetDateTimeType@6986bbaf
2021-04-06 22:37:25 DEBUG BasicTypeRegistry:157 - Adding type registration OffsetTime -> org.hibernate.type.OffsetTimeType@5629510
2021-04-06 22:37:25 DEBUG BasicTypeRegistry:157 - Adding type registration java.time.OffsetTime -> org.hibernate.type.OffsetTimeType@5629510
2021-04-06 22:37:25 DEBUG BasicTypeRegistry:157 - Adding type registration ZonedDateTime -> org.hibernate.type.ZonedDateTimeType@130dca52
2021-04-06 22:37:25 DEBUG BasicTypeRegistry:157 - Adding type registration java.time.ZonedDateTime -> org.hibernate.type.ZonedDateTimeType@130dca52
2021-04-06 22:37:25 DEBUG BasicTypeRegistry:157 - Adding type registration date -> org.hibernate.type.DateType@63f8276e
2021-04-06 22:37:25 DEBUG BasicTypeRegistry:157 - Adding type registration java.sql.Date -> org.hibernate.type.DateType@63f8276e
2021-04-06 22:37:25 DEBUG BasicTypeRegistry:157 - Adding type registration time -> org.hibernate.type.TimeType@4dd02341
2021-04-06 22:37:25 DEBUG BasicTypeRegistry:157 - Adding type registration java.sql.Time -> org.hibernate.type.TimeType@4dd02341
2021-04-06 22:37:25 DEBUG BasicTypeRegistry:157 - Adding type registration timestamp -> org.hibernate.type.TimestampType@7203c7ff
2021-04-06 22:37:25 DEBUG BasicTypeRegistry:157 - Adding type registration java.sql.Timestamp -> org.hibernate.type.TimestampType@7203c7ff
2021-04-06 22:37:25 DEBUG BasicTypeRegistry:157 - Adding type registration java.util.Date -> org.hibernate.type.TimestampType@7203c7ff
2021-04-06 22:37:25 DEBUG BasicTypeRegistry:157 - Adding type registration dbtimestamp -> org.hibernate.type.DbTimestampType@2a76840c
2021-04-06 22:37:25 DEBUG BasicTypeRegistry:157 - Adding type registration calendar -> org.hibernate.type.CalendarType@3d2ee678
2021-04-06 22:37:25 DEBUG BasicTypeRegistry:157 - Adding type registration java.util.Calendar -> org.hibernate.type.CalendarType@3d2ee678
2021-04-06 22:37:25 DEBUG BasicTypeRegistry:157 - Adding type registration java.util.GregorianCalendar -> org.hibernate.type.CalendarType@3d2ee678
2021-04-06 22:37:25 DEBUG BasicTypeRegistry:157 - Adding type registration calendar_date -> org.hibernate.type.CalendarDateType@49c6c24f
2021-04-06 22:37:25 DEBUG BasicTypeRegistry:157 - Adding type registration calendar_time -> org.hibernate.type.CalendarTimeType@5d5f10b2
2021-04-06 22:37:25 DEBUG BasicTypeRegistry:157 - Adding type registration locale -> org.hibernate.type.LocaleType@63a270c9
2021-04-06 22:37:25 DEBUG BasicTypeRegistry:157 - Adding type registration java.util.Locale -> org.hibernate.type.LocaleType@63a270c9
2021-04-06 22:37:25 DEBUG BasicTypeRegistry:157 - Adding type registration currency -> org.hibernate.type.CurrencyType@73a2e526
2021-04-06 22:37:25 DEBUG BasicTypeRegistry:157 - Adding type registration java.util.Currency -> org.hibernate.type.CurrencyType@73a2e526
2021-04-06 22:37:25 DEBUG BasicTypeRegistry:157 - Adding type registration timezone -> org.hibernate.type.TimeZoneType@69653e16
2021-04-06 22:37:25 DEBUG BasicTypeRegistry:157 - Adding type registration java.util.TimeZone -> org.hibernate.type.TimeZoneType@69653e16
2021-04-06 22:37:25 DEBUG BasicTypeRegistry:157 - Adding type registration class -> org.hibernate.type.ClassType@604c5de8
2021-04-06 22:37:25 DEBUG BasicTypeRegistry:157 - Adding type registration java.lang.Class -> org.hibernate.type.ClassType@604c5de8
2021-04-06 22:37:25 DEBUG BasicTypeRegistry:157 - Adding type registration uuid-binary -> org.hibernate.type.UUIDBinaryType@584f54e6
2021-04-06 22:37:25 DEBUG BasicTypeRegistry:157 - Adding type registration java.util.UUID -> org.hibernate.type.UUIDBinaryType@584f54e6
2021-04-06 22:37:25 DEBUG BasicTypeRegistry:157 - Adding type registration uuid-char -> org.hibernate.type.UUIDCharType@f80945f
2021-04-06 22:37:25 DEBUG BasicTypeRegistry:157 - Adding type registration binary -> org.hibernate.type.BinaryType@5d9b7a8a
2021-04-06 22:37:25 DEBUG BasicTypeRegistry:157 - Adding type registration byte[] -> org.hibernate.type.BinaryType@5d9b7a8a
2021-04-06 22:37:25 DEBUG BasicTypeRegistry:157 - Adding type registration [B -> org.hibernate.type.BinaryType@5d9b7a8a
2021-04-06 22:37:25 DEBUG BasicTypeRegistry:157 - Adding type registration wrapper-binary -> org.hibernate.type.WrapperBinaryType@30b19518
2021-04-06 22:37:25 DEBUG BasicTypeRegistry:157 - Adding type registration Byte[] -> org.hibernate.type.WrapperBinaryType@30b19518
2021-04-06 22:37:25 DEBUG BasicTypeRegistry:157 - Adding type registration [Ljava.lang.Byte; -> org.hibernate.type.WrapperBinaryType@30b19518
2021-04-06 22:37:25 DEBUG BasicTypeRegistry:157 - Adding type registration row_version -> org.hibernate.type.RowVersionType@44b3606b
2021-04-06 22:37:25 DEBUG BasicTypeRegistry:157 - Adding type registration image -> org.hibernate.type.ImageType@59d2400d
2021-04-06 22:37:25 DEBUG BasicTypeRegistry:157 - Adding type registration characters -> org.hibernate.type.CharArrayType@6ee660fb
2021-04-06 22:37:25 DEBUG BasicTypeRegistry:157 - Adding type registration char[] -> org.hibernate.type.CharArrayType@6ee660fb
2021-04-06 22:37:25 DEBUG BasicTypeRegistry:157 - Adding type registration [C -> org.hibernate.type.CharArrayType@6ee660fb
2021-04-06 22:37:25 DEBUG BasicTypeRegistry:157 - Adding type registration wrapper-characters -> org.hibernate.type.CharacterArrayType@22ffa91a
2021-04-06 22:37:25 DEBUG BasicTypeRegistry:157 - Adding type registration [Ljava.lang.Character; -> org.hibernate.type.CharacterArrayType@22ffa91a
2021-04-06 22:37:25 DEBUG BasicTypeRegistry:157 - Adding type registration Character[] -> org.hibernate.type.CharacterArrayType@22ffa91a
2021-04-06 22:37:25 DEBUG BasicTypeRegistry:157 - Adding type registration text -> org.hibernate.type.TextType@1f6c9cd8
2021-04-06 22:37:25 DEBUG BasicTypeRegistry:157 - Adding type registration ntext -> org.hibernate.type.NTextType@7f36662c
2021-04-06 22:37:25 DEBUG BasicTypeRegistry:157 - Adding type registration blob -> org.hibernate.type.BlobType@c5dc4a2
2021-04-06 22:37:25 DEBUG BasicTypeRegistry:157 - Adding type registration java.sql.Blob -> org.hibernate.type.BlobType@c5dc4a2
2021-04-06 22:37:25 DEBUG BasicTypeRegistry:157 - Adding type registration materialized_blob -> org.hibernate.type.MaterializedBlobType@56113384
2021-04-06 22:37:25 DEBUG BasicTypeRegistry:157 - Adding type registration clob -> org.hibernate.type.ClobType@6d9f7a80
2021-04-06 22:37:25 DEBUG BasicTypeRegistry:157 - Adding type registration java.sql.Clob -> org.hibernate.type.ClobType@6d9f7a80
2021-04-06 22:37:25 DEBUG BasicTypeRegistry:157 - Adding type registration nclob -> org.hibernate.type.NClobType@3b00856b
2021-04-06 22:37:25 DEBUG BasicTypeRegistry:157 - Adding type registration java.sql.NClob -> org.hibernate.type.NClobType@3b00856b
2021-04-06 22:37:25 DEBUG BasicTypeRegistry:157 - Adding type registration materialized_clob -> org.hibernate.type.MaterializedClobType@6c45ee6e
2021-04-06 22:37:25 DEBUG BasicTypeRegistry:157 - Adding type registration materialized_nclob -> org.hibernate.type.MaterializedNClobType@42463763
2021-04-06 22:37:25 DEBUG BasicTypeRegistry:157 - Adding type registration serializable -> org.hibernate.type.SerializableType@1b765a2c
2021-04-06 22:37:25 DEBUG BasicTypeRegistry:157 - Adding type registration object -> org.hibernate.type.ObjectType@65045a87
2021-04-06 22:37:25 DEBUG BasicTypeRegistry:157 - Adding type registration java.lang.Object -> org.hibernate.type.ObjectType@65045a87
2021-04-06 22:37:25 DEBUG BasicTypeRegistry:157 - Adding type registration imm_date -> org.hibernate.type.AdaptedImmutableType@fc258b1
2021-04-06 22:37:25 DEBUG BasicTypeRegistry:157 - Adding type registration imm_time -> org.hibernate.type.AdaptedImmutableType@6ff65192
2021-04-06 22:37:25 DEBUG BasicTypeRegistry:157 - Adding type registration imm_timestamp -> org.hibernate.type.AdaptedImmutableType@2dd80673
2021-04-06 22:37:25 DEBUG BasicTypeRegistry:157 - Adding type registration imm_dbtimestamp -> org.hibernate.type.AdaptedImmutableType@4af0df05
2021-04-06 22:37:25 DEBUG BasicTypeRegistry:157 - Adding type registration imm_calendar -> org.hibernate.type.AdaptedImmutableType@57ea113a
2021-04-06 22:37:25 DEBUG BasicTypeRegistry:157 - Adding type registration imm_calendar_date -> org.hibernate.type.AdaptedImmutableType@acdb094
2021-04-06 22:37:25 DEBUG BasicTypeRegistry:157 - Adding type registration imm_binary -> org.hibernate.type.AdaptedImmutableType@674bd420
2021-04-06 22:37:25 DEBUG BasicTypeRegistry:157 - Adding type registration imm_serializable -> org.hibernate.type.AdaptedImmutableType@2b0f373b
2021-04-06 22:37:25 DEBUG DefaultIdentifierGeneratorFactory:81 - Registering IdentifierGenerator strategy [uuid2] -> [org.hibernate.id.UUIDGenerator]
2021-04-06 22:37:25 DEBUG DefaultIdentifierGeneratorFactory:81 - Registering IdentifierGenerator strategy [guid] -> [org.hibernate.id.GUIDGenerator]
2021-04-06 22:37:25 DEBUG DefaultIdentifierGeneratorFactory:81 - Registering IdentifierGenerator strategy [uuid] -> [org.hibernate.id.UUIDHexGenerator]
2021-04-06 22:37:25 DEBUG DefaultIdentifierGeneratorFactory:81 - Registering IdentifierGenerator strategy [uuid.hex] -> [org.hibernate.id.UUIDHexGenerator]
2021-04-06 22:37:25 DEBUG DefaultIdentifierGeneratorFactory:81 - Registering IdentifierGenerator strategy [assigned] -> [org.hibernate.id.Assigned]
2021-04-06 22:37:25 DEBUG DefaultIdentifierGeneratorFactory:81 - Registering IdentifierGenerator strategy [identity] -> [org.hibernate.id.IdentityGenerator]
2021-04-06 22:37:25 DEBUG DefaultIdentifierGeneratorFactory:81 - Registering IdentifierGenerator strategy [select] -> [org.hibernate.id.SelectGenerator]
2021-04-06 22:37:25 DEBUG DefaultIdentifierGeneratorFactory:81 - Registering IdentifierGenerator strategy [sequence] -> [org.hibernate.id.enhanced.SequenceStyleGenerator]
2021-04-06 22:37:25 DEBUG DefaultIdentifierGeneratorFactory:81 - Registering IdentifierGenerator strategy [seqhilo] -> [org.hibernate.id.SequenceHiLoGenerator]
2021-04-06 22:37:25 DEBUG DefaultIdentifierGeneratorFactory:81 - Registering IdentifierGenerator strategy [increment] -> [org.hibernate.id.IncrementGenerator]
2021-04-06 22:37:25 DEBUG DefaultIdentifierGeneratorFactory:81 - Registering IdentifierGenerator strategy [foreign] -> [org.hibernate.id.ForeignGenerator]
2021-04-06 22:37:25 DEBUG DefaultIdentifierGeneratorFactory:81 - Registering IdentifierGenerator strategy [sequence-identity] -> [org.hibernate.id.SequenceIdentityGenerator]
2021-04-06 22:37:25 DEBUG DefaultIdentifierGeneratorFactory:81 - Registering IdentifierGenerator strategy [enhanced-sequence] -> [org.hibernate.id.enhanced.SequenceStyleGenerator]
2021-04-06 22:37:25 DEBUG DefaultIdentifierGeneratorFactory:81 - Registering IdentifierGenerator strategy [enhanced-table] -> [org.hibernate.id.enhanced.TableGenerator]
2021-04-06 22:37:25 WARN  pooling:72 - HHH10001002: Using Hibernate built-in connection pool (not for production use!)
2021-04-06 22:37:25 INFO  pooling:115 - HHH10001005: using driver [org.postgresql.Driver] at URL [jdbc:postgresql://localhost:5432/databaseExample]
2021-04-06 22:37:25 INFO  pooling:121 - HHH10001001: Connection properties: {password=post2001Q, user=postgres}
2021-04-06 22:37:25 INFO  pooling:129 - HHH10001003: Autocommit mode: false
2021-04-06 22:37:25 DEBUG DriverManagerConnectionProviderImpl:384 - Initializing Connection pool with 1 Connections
2021-04-06 22:37:25 INFO  DriverManagerConnectionProviderImpl:259 - HHH000115: Hibernate connection pool size: 1 (min=1)
2021-04-06 22:37:26 DEBUG JdbcEnvironmentInitiator:72 - Database ->
       name : PostgreSQL
    version : 13.2
      major : 13
      minor : 2
2021-04-06 22:37:26 DEBUG JdbcEnvironmentInitiator:83 - Driver ->
       name : PostgreSQL JDBC Driver
    version : 42.2.18
      major : 42
      minor : 2
2021-04-06 22:37:26 DEBUG JdbcEnvironmentInitiator:389 - JDBC version : 4.2
2021-04-06 22:37:26 INFO  Dialect:175 - HHH000400: Using dialect: org.hibernate.dialect.PostgreSQL9Dialect
2021-04-06 22:37:26 DEBUG IdentifierHelperBuilder:110 - JDBC driver metadata reported database stores quoted identifiers in neither upper, lower nor mixed case
2021-04-06 22:37:26 DEBUG Namespace:51 - Created database namespace [logicalName=Name{catalog=null, schema=null}, physicalName=Name{catalog=null, schema=null}]
2021-04-06 22:37:26 DEBUG BasicTypeRegistry:157 - Adding type registration pg-uuid -> org.hibernate.type.PostgresUUIDType@70f43b45
2021-04-06 22:37:26 DEBUG BasicTypeRegistry:157 - Adding type registration java.util.UUID -> org.hibernate.type.PostgresUUIDType@70f43b45
2021-04-06 22:37:26 DEBUG BasicTypeRegistry:160 - HHH000270: Type registration [java.util.UUID] overrides previous : org.hibernate.type.UUIDBinaryType@584f54e6
2021-04-06 22:37:26 DEBUG TypeConfiguration$Scope:152 - Scoping TypeConfiguration [org.hibernate.type.spi.TypeConfiguration@1968a49c] to MetadataBuildingContext [org.hibernate.boot.internal.MetadataBuildingContextRootImpl@6a1ebcff]
2021-04-06 22:37:26 DEBUG AnnotationBinder:560 - Binding entity from annotated class: lesson_22.model.Client
2021-04-06 22:37:26 DEBUG Ejb3Column:213 - Binding column: Ejb3DiscriminatorColumn{logicalColumnName'DTYPE', discriminatorTypeName='string'}
2021-04-06 22:37:26 DEBUG EntityBinder:430 - Import with entity name Client
2021-04-06 22:37:26 DEBUG EntityBinder:873 - Bind entity lesson_22.model.Client on table clients
2021-04-06 22:37:26 DEBUG Ejb3Column:213 - Binding column: Ejb3Column{table=org.hibernate.mapping.Table(clients), mappingColumn=id, insertable=true, updatable=true, unique=false}
2021-04-06 22:37:26 DEBUG ClassLoaderAccessImpl:60 - Not known whether passed class name [lesson_22.model.Client] is safe
2021-04-06 22:37:26 DEBUG ClassLoaderAccessImpl:62 - No temp ClassLoader provided; using live ClassLoader for loading potentially unsafe class : lesson_22.model.Client
2021-04-06 22:37:26 DEBUG PropertyBinder:175 - MetadataSourceProcessor property id with lazy=false
2021-04-06 22:37:26 DEBUG AbstractPropertyHolder:94 - Attempting to locate auto-apply AttributeConverter for property [lesson_22.model.Client:id]
2021-04-06 22:37:26 DEBUG SimpleValueBinder:410 - building SimpleValue for id
2021-04-06 22:37:26 DEBUG PropertyBinder:266 - Building property id
2021-04-06 22:37:26 DEBUG BinderHelper:643 - #makeIdGenerator(org.hibernate.mapping.SimpleValue([org.hibernate.mapping.Column(id)]), id, org.hibernate.id.enhanced.SequenceStyleGenerator, , ...)
2021-04-06 22:37:26 DEBUG Ejb3Column:213 - Binding column: Ejb3Column{table=org.hibernate.mapping.Table(clients), mappingColumn=about, insertable=true, updatable=true, unique=false}
2021-04-06 22:37:26 DEBUG PropertyBinder:175 - MetadataSourceProcessor property about with lazy=false
2021-04-06 22:37:26 DEBUG AbstractPropertyHolder:94 - Attempting to locate auto-apply AttributeConverter for property [lesson_22.model.Client:about]
2021-04-06 22:37:26 DEBUG SimpleValueBinder:410 - building SimpleValue for about
2021-04-06 22:37:26 DEBUG PropertyBinder:266 - Building property about
2021-04-06 22:37:26 DEBUG Ejb3Column:213 - Binding column: Ejb3Column{table=org.hibernate.mapping.Table(clients), mappingColumn=age, insertable=true, updatable=true, unique=false}
2021-04-06 22:37:26 DEBUG PropertyBinder:175 - MetadataSourceProcessor property age with lazy=false
2021-04-06 22:37:26 DEBUG AbstractPropertyHolder:94 - Attempting to locate auto-apply AttributeConverter for property [lesson_22.model.Client:age]
2021-04-06 22:37:26 DEBUG SimpleValueBinder:410 - building SimpleValue for age
2021-04-06 22:37:26 DEBUG PropertyBinder:266 - Building property age
2021-04-06 22:37:26 DEBUG Ejb3Column:213 - Binding column: Ejb3Column{table=org.hibernate.mapping.Table(clients), mappingColumn=email, insertable=true, updatable=true, unique=false}
2021-04-06 22:37:26 DEBUG PropertyBinder:175 - MetadataSourceProcessor property email with lazy=false
2021-04-06 22:37:26 DEBUG AbstractPropertyHolder:94 - Attempting to locate auto-apply AttributeConverter for property [lesson_22.model.Client:email]
2021-04-06 22:37:26 DEBUG SimpleValueBinder:410 - building SimpleValue for email
2021-04-06 22:37:26 DEBUG PropertyBinder:266 - Building property email
2021-04-06 22:37:26 DEBUG Ejb3Column:213 - Binding column: Ejb3Column{table=org.hibernate.mapping.Table(clients), mappingColumn=name, insertable=true, updatable=true, unique=false}
2021-04-06 22:37:26 DEBUG PropertyBinder:175 - MetadataSourceProcessor property name with lazy=false
2021-04-06 22:37:26 DEBUG AbstractPropertyHolder:94 - Attempting to locate auto-apply AttributeConverter for property [lesson_22.model.Client:name]
2021-04-06 22:37:26 DEBUG SimpleValueBinder:410 - building SimpleValue for name
2021-04-06 22:37:26 DEBUG PropertyBinder:266 - Building property name
2021-04-06 22:37:26 DEBUG Ejb3Column:213 - Binding column: Ejb3Column{table=org.hibernate.mapping.Table(clients), mappingColumn=phone, insertable=true, updatable=true, unique=false}
2021-04-06 22:37:26 DEBUG PropertyBinder:175 - MetadataSourceProcessor property phone with lazy=false
2021-04-06 22:37:26 DEBUG AbstractPropertyHolder:94 - Attempting to locate auto-apply AttributeConverter for property [lesson_22.model.Client:phone]
2021-04-06 22:37:26 DEBUG SimpleValueBinder:410 - building SimpleValue for phone
2021-04-06 22:37:26 DEBUG PropertyBinder:266 - Building property phone
2021-04-06 22:37:26 DEBUG AnnotationBinder:560 - Binding entity from annotated class: lesson_22.model.Account
2021-04-06 22:37:26 DEBUG Ejb3Column:213 - Binding column: Ejb3DiscriminatorColumn{logicalColumnName'DTYPE', discriminatorTypeName='string'}
2021-04-06 22:37:26 DEBUG EntityBinder:430 - Import with entity name Account
2021-04-06 22:37:26 DEBUG EntityBinder:873 - Bind entity lesson_22.model.Account on table accounts
2021-04-06 22:37:26 DEBUG Ejb3Column:213 - Binding column: Ejb3Column{table=org.hibernate.mapping.Table(accounts), mappingColumn=id, insertable=true, updatable=true, unique=false}
2021-04-06 22:37:26 DEBUG ClassLoaderAccessImpl:60 - Not known whether passed class name [lesson_22.model.Account] is safe
2021-04-06 22:37:26 DEBUG ClassLoaderAccessImpl:62 - No temp ClassLoader provided; using live ClassLoader for loading potentially unsafe class : lesson_22.model.Account
2021-04-06 22:37:26 DEBUG PropertyBinder:175 - MetadataSourceProcessor property id with lazy=false
2021-04-06 22:37:26 DEBUG AbstractPropertyHolder:94 - Attempting to locate auto-apply AttributeConverter for property [lesson_22.model.Account:id]
2021-04-06 22:37:26 DEBUG SimpleValueBinder:410 - building SimpleValue for id
2021-04-06 22:37:26 DEBUG PropertyBinder:266 - Building property id
2021-04-06 22:37:26 DEBUG BinderHelper:643 - #makeIdGenerator(org.hibernate.mapping.SimpleValue([org.hibernate.mapping.Column(id)]), id, org.hibernate.id.enhanced.SequenceStyleGenerator, , ...)
2021-04-06 22:37:26 DEBUG Ejb3Column:213 - Binding column: Ejb3Column{table=org.hibernate.mapping.Table(accounts), mappingColumn=client_id, insertable=true, updatable=true, unique=false}
2021-04-06 22:37:26 DEBUG PropertyBinder:175 - MetadataSourceProcessor property clientId with lazy=false
2021-04-06 22:37:26 DEBUG AbstractPropertyHolder:94 - Attempting to locate auto-apply AttributeConverter for property [lesson_22.model.Account:clientId]
2021-04-06 22:37:26 DEBUG SimpleValueBinder:410 - building SimpleValue for clientId
2021-04-06 22:37:26 DEBUG PropertyBinder:266 - Building property clientId
2021-04-06 22:37:26 DEBUG Ejb3Column:213 - Binding column: Ejb3Column{table=org.hibernate.mapping.Table(accounts), mappingColumn=number, insertable=true, updatable=true, unique=false}
2021-04-06 22:37:26 DEBUG PropertyBinder:175 - MetadataSourceProcessor property number with lazy=false
2021-04-06 22:37:26 DEBUG AbstractPropertyHolder:94 - Attempting to locate auto-apply AttributeConverter for property [lesson_22.model.Account:number]
2021-04-06 22:37:26 DEBUG SimpleValueBinder:410 - building SimpleValue for number
2021-04-06 22:37:26 DEBUG PropertyBinder:266 - Building property number
2021-04-06 22:37:26 DEBUG Ejb3Column:213 - Binding column: Ejb3Column{table=org.hibernate.mapping.Table(accounts), mappingColumn=value, insertable=true, updatable=true, unique=false}
2021-04-06 22:37:26 DEBUG PropertyBinder:175 - MetadataSourceProcessor property value with lazy=false
2021-04-06 22:37:26 DEBUG AbstractPropertyHolder:94 - Attempting to locate auto-apply AttributeConverter for property [lesson_22.model.Account:value]
2021-04-06 22:37:26 DEBUG SimpleValueBinder:410 - building SimpleValue for value
2021-04-06 22:37:26 DEBUG PropertyBinder:266 - Building property value
2021-04-06 22:37:26 DEBUG AnnotationBinder:560 - Binding entity from annotated class: lesson_22.model.Status
2021-04-06 22:37:26 DEBUG Ejb3Column:213 - Binding column: Ejb3DiscriminatorColumn{logicalColumnName'DTYPE', discriminatorTypeName='string'}
2021-04-06 22:37:26 DEBUG EntityBinder:430 - Import with entity name Status
2021-04-06 22:37:26 DEBUG EntityBinder:873 - Bind entity lesson_22.model.Status on table statuses
2021-04-06 22:37:26 DEBUG Ejb3Column:213 - Binding column: Ejb3Column{table=org.hibernate.mapping.Table(statuses), mappingColumn=id, insertable=true, updatable=true, unique=false}
2021-04-06 22:37:26 DEBUG ClassLoaderAccessImpl:60 - Not known whether passed class name [lesson_22.model.Status] is safe
2021-04-06 22:37:26 DEBUG ClassLoaderAccessImpl:62 - No temp ClassLoader provided; using live ClassLoader for loading potentially unsafe class : lesson_22.model.Status
2021-04-06 22:37:26 DEBUG PropertyBinder:175 - MetadataSourceProcessor property id with lazy=false
2021-04-06 22:37:26 DEBUG AbstractPropertyHolder:94 - Attempting to locate auto-apply AttributeConverter for property [lesson_22.model.Status:id]
2021-04-06 22:37:26 DEBUG SimpleValueBinder:410 - building SimpleValue for id
2021-04-06 22:37:26 DEBUG PropertyBinder:266 - Building property id
2021-04-06 22:37:26 DEBUG BinderHelper:643 - #makeIdGenerator(org.hibernate.mapping.SimpleValue([org.hibernate.mapping.Column(id)]), id, org.hibernate.id.enhanced.SequenceStyleGenerator, , ...)
2021-04-06 22:37:26 DEBUG Ejb3Column:213 - Binding column: Ejb3Column{table=org.hibernate.mapping.Table(statuses), mappingColumn=alias, insertable=true, updatable=true, unique=false}
2021-04-06 22:37:26 DEBUG PropertyBinder:175 - MetadataSourceProcessor property alias with lazy=false
2021-04-06 22:37:26 DEBUG AbstractPropertyHolder:94 - Attempting to locate auto-apply AttributeConverter for property [lesson_22.model.Status:alias]
2021-04-06 22:37:26 DEBUG SimpleValueBinder:410 - building SimpleValue for alias
2021-04-06 22:37:26 DEBUG PropertyBinder:266 - Building property alias
2021-04-06 22:37:26 DEBUG Ejb3Column:213 - Binding column: Ejb3Column{table=org.hibernate.mapping.Table(statuses), mappingColumn=description, insertable=true, updatable=true, unique=false}
2021-04-06 22:37:26 DEBUG PropertyBinder:175 - MetadataSourceProcessor property description with lazy=false
2021-04-06 22:37:26 DEBUG AbstractPropertyHolder:94 - Attempting to locate auto-apply AttributeConverter for property [lesson_22.model.Status:description]
2021-04-06 22:37:26 DEBUG SimpleValueBinder:410 - building SimpleValue for description
2021-04-06 22:37:26 DEBUG PropertyBinder:266 - Building property description
2021-04-06 22:37:27 DEBUG SimpleValueBinder:455 - Starting fillSimpleValue for id
2021-04-06 22:37:27 DEBUG SimpleValueBinder:455 - Starting fillSimpleValue for about
2021-04-06 22:37:27 DEBUG SimpleValueBinder:455 - Starting fillSimpleValue for age
2021-04-06 22:37:27 DEBUG SimpleValueBinder:455 - Starting fillSimpleValue for email
2021-04-06 22:37:27 DEBUG SimpleValueBinder:455 - Starting fillSimpleValue for name
2021-04-06 22:37:27 DEBUG SimpleValueBinder:455 - Starting fillSimpleValue for phone
2021-04-06 22:37:27 DEBUG SimpleValueBinder:455 - Starting fillSimpleValue for id
2021-04-06 22:37:27 DEBUG SimpleValueBinder:455 - Starting fillSimpleValue for clientId
2021-04-06 22:37:27 DEBUG SimpleValueBinder:455 - Starting fillSimpleValue for number
2021-04-06 22:37:27 DEBUG SimpleValueBinder:455 - Starting fillSimpleValue for value
2021-04-06 22:37:27 DEBUG SimpleValueBinder:455 - Starting fillSimpleValue for id
2021-04-06 22:37:27 DEBUG SimpleValueBinder:455 - Starting fillSimpleValue for alias
2021-04-06 22:37:27 DEBUG SimpleValueBinder:455 - Starting fillSimpleValue for description
2021-04-06 22:37:27 DEBUG PrimaryKey:35 - Forcing column [id] to be non-null as it is part of the primary key for table [clients]
2021-04-06 22:37:27 DEBUG PrimaryKey:35 - Forcing column [id] to be non-null as it is part of the primary key for table [accounts]
2021-04-06 22:37:27 DEBUG PrimaryKey:35 - Forcing column [id] to be non-null as it is part of the primary key for table [statuses]
2021-04-06 22:37:27 DEBUG SessionFactoryImpl:204 - Building session factory
2021-04-06 22:37:27 DEBUG Settings:68 - SessionFactory name : null
2021-04-06 22:37:27 DEBUG Settings:69 - Automatic flush during beforeCompletion(): enabled
2021-04-06 22:37:27 DEBUG Settings:70 - Automatic session close at end of transaction: disabled
2021-04-06 22:37:27 DEBUG Settings:72 - Statistics: disabled
2021-04-06 22:37:27 DEBUG Settings:74 - Deleted entity synthetic identifier rollback: disabled
2021-04-06 22:37:27 DEBUG Settings:75 - Default entity-mode: pojo
2021-04-06 22:37:27 DEBUG Settings:76 - Check Nullability in Core (should be disabled when Bean Validation is on): enabled
2021-04-06 22:37:27 DEBUG Settings:77 - Allow initialization of lazy state outside session : disabled
2021-04-06 22:37:27 DEBUG Settings:79 - Using BatchFetchStyle : LEGACY
2021-04-06 22:37:27 DEBUG Settings:80 - Default batch fetch size: -1
2021-04-06 22:37:27 DEBUG Settings:81 - Maximum outer join fetch depth: null
2021-04-06 22:37:27 DEBUG Settings:82 - Default null ordering: NONE
2021-04-06 22:37:27 DEBUG Settings:83 - Order SQL updates by primary key: disabled
2021-04-06 22:37:27 DEBUG Settings:84 - Order SQL inserts for batching: disabled
2021-04-06 22:37:27 DEBUG Settings:86 - multi-tenancy strategy : NONE
2021-04-06 22:37:27 DEBUG Settings:88 - JTA Track by Thread: enabled
2021-04-06 22:37:27 DEBUG Settings:90 - Query language substitutions: {}
2021-04-06 22:37:27 DEBUG Settings:91 - Named query checking : enabled
2021-04-06 22:37:27 DEBUG Settings:93 - Second-level cache: disabled
2021-04-06 22:37:27 DEBUG Settings:94 - Second-level query cache: disabled
2021-04-06 22:37:27 DEBUG Settings:95 - Second-level query cache factory: null
2021-04-06 22:37:27 DEBUG Settings:96 - Second-level cache region prefix: null
2021-04-06 22:37:27 DEBUG Settings:97 - Optimize second-level cache for minimal puts: disabled
2021-04-06 22:37:27 DEBUG Settings:98 - Structured second-level cache entries: disabled
2021-04-06 22:37:27 DEBUG Settings:99 - Second-level cache direct-reference entries: disabled
2021-04-06 22:37:27 DEBUG Settings:100 - Automatic eviction of collection cache: disabled
2021-04-06 22:37:27 DEBUG Settings:102 - JDBC batch size: 15
2021-04-06 22:37:27 DEBUG Settings:103 - JDBC batch updates for versioned data: enabled
2021-04-06 22:37:27 DEBUG Settings:104 - Scrollable result sets: enabled
2021-04-06 22:37:27 DEBUG Settings:105 - Wrap result sets: disabled
2021-04-06 22:37:27 DEBUG Settings:106 - JDBC3 getGeneratedKeys(): enabled
2021-04-06 22:37:27 DEBUG Settings:107 - JDBC result set fetch size: null
2021-04-06 22:37:27 DEBUG Settings:108 - Connection release mode: AFTER_TRANSACTION
2021-04-06 22:37:27 DEBUG Settings:109 - Generate SQL with comments: disabled
2021-04-06 22:37:27 DEBUG Settings:111 - JPA compliance - query : disabled
2021-04-06 22:37:27 DEBUG Settings:112 - JPA compliance - closed-handling : disabled
2021-04-06 22:37:27 DEBUG Settings:113 - JPA compliance - lists : disabled
2021-04-06 22:37:27 DEBUG Settings:114 - JPA compliance - transactions : disabled
2021-04-06 22:37:27 DEBUG SessionFactoryImpl:259 - Session factory constructed with filter configurations : {}
2021-04-06 22:37:27 DEBUG SessionFactoryImpl:260 - Instantiating session factory with properties: {dialect=org.hibernate.dialect.PostgreSQL9Dialect, java.specification.version=15, sun.cpu.isalist=amd64, sun.jnu.encoding=Cp1251, hibernate.dialect=org.hibernate.dialect.PostgreSQL9Dialect, java.class.path=E:\Java_prog\JavaElementaryHomework\target\classes;C:\Users\Admin\.m2\repository\org\hibernate\hibernate-core\5.4.28.Final\hibernate-core-5.4.28.Final.jar;C:\Users\Admin\.m2\repository\org\jboss\logging\jboss-logging\3.4.1.Final\jboss-logging-3.4.1.Final.jar;C:\Users\Admin\.m2\repository\javax\persistence\javax.persistence-api\2.2\javax.persistence-api-2.2.jar;C:\Users\Admin\.m2\repository\org\javassist\javassist\3.27.0-GA\javassist-3.27.0-GA.jar;C:\Users\Admin\.m2\repository\net\bytebuddy\byte-buddy\1.10.17\byte-buddy-1.10.17.jar;C:\Users\Admin\.m2\repository\antlr\antlr\2.7.7\antlr-2.7.7.jar;C:\Users\Admin\.m2\repository\org\jboss\spec\javax\transaction\jboss-transaction-api_1.2_spec\1.1.1.Final\jboss-transaction-api_1.2_spec-1.1.1.Final.jar;C:\Users\Admin\.m2\repository\org\jboss\jandex\2.2.3.Final\jandex-2.2.3.Final.jar;C:\Users\Admin\.m2\repository\com\fasterxml\classmate\1.5.1\classmate-1.5.1.jar;C:\Users\Admin\.m2\repository\javax\activation\javax.activation-api\1.2.0\javax.activation-api-1.2.0.jar;C:\Users\Admin\.m2\repository\org\dom4j\dom4j\2.1.3\dom4j-2.1.3.jar;C:\Users\Admin\.m2\repository\org\hibernate\common\hibernate-commons-annotations\5.1.2.Final\hibernate-commons-annotations-5.1.2.Final.jar;C:\Users\Admin\.m2\repository\javax\xml\bind\jaxb-api\2.3.1\jaxb-api-2.3.1.jar;C:\Users\Admin\.m2\repository\org\glassfish\jaxb\jaxb-runtime\2.3.1\jaxb-runtime-2.3.1.jar;C:\Users\Admin\.m2\repository\org\glassfish\jaxb\txw2\2.3.1\txw2-2.3.1.jar;C:\Users\Admin\.m2\repository\com\sun\istack\istack-commons-runtime\3.0.7\istack-commons-runtime-3.0.7.jar;C:\Users\Admin\.m2\repository\org\jvnet\staxex\stax-ex\1.8\stax-ex-1.8.jar;C:\Users\Admin\.m2\repository\com\sun\xml\fastinfoset\FastInfoset\1.2.15\FastInfoset-1.2.15.jar;C:\Users\Admin\.m2\repository\org\postgresql\postgresql\42.2.18\postgresql-42.2.18.jar;C:\Users\Admin\.m2\repository\org\checkerframework\checker-qual\3.5.0\checker-qual-3.5.0.jar;C:\Users\Admin\.m2\repository\log4j\log4j\1.2.17\log4j-1.2.17.jar, java.vm.vendor=Oracle Corporation, sun.arch.data.model=64, user.variant=, java.vendor.url=https://java.oracle.com/, user.timezone=Europe/Kiev, java.vm.specification.version=15, os.name=Windows 10, sun.java.launcher=SUN_STANDARD, user.country=RU, sun.boot.library.path=E:\Java_prog\jdk-15\bin, sun.java.command=lesson_22.Main, jdk.debug=release, sun.cpu.endian=little, user.home=C:\Users\Admin, user.language=ru, java.specification.vendor=Oracle Corporation, java.version.date=2020-09-15, java.home=E:\Java_prog\jdk-15, file.separator=\, java.vm.compressedOopsMode=32-bit, line.separator=
, java.vm.specification.vendor=Oracle Corporation, java.specification.name=Java Platform API Specification, hibernate.hbm2ddl.auto=update, user.script=, sun.management.compiler=HotSpot 64-Bit Tiered Compilers, java.runtime.version=15+36-1562, user.name=Admin, path.separator=;, hibernate.connection.username=****, os.version=10.0, java.runtime.name=Java(TM) SE Runtime Environment, hibernate.connection.url=jdbc:postgresql://localhost:5432/databaseExample, file.encoding=UTF-8, java.vm.name=Java HotSpot(TM) 64-Bit Server VM, hibernate.show_sql=true, show_sql=true, hibernate.connection.driver_class=org.postgresql.Driver, java.vendor.url.bug=https://bugreport.java.com/bugreport/, java.io.tmpdir=C:\Users\Admin\AppData\Local\Temp\, java.version=15, user.dir=E:\Java_prog\JavaElementaryHomework, os.arch=amd64, java.vm.specification.name=Java Virtual Machine Specification, hibernate.connection.password=****, sun.os.patch.level=, hibernate.boot.CfgXmlAccessService.key=org.hibernate.boot.cfgxml.spi.LoadedConfig@2788d0fe, java.library.path=E:\Java_prog\jdk-15\bin;C:\WINDOWS\Sun\Java\bin;C:\WINDOWS\system32;C:\WINDOWS;C:\Program Files\Microsoft MPI\Bin\;E:\VM\bin\;C:\Windows\system32;C:\Windows;C:\Windows\System32\Wbem;C:\Windows\System32\WindowsPowerShell\v1.0\;C:\Program Files (x86)\NVIDIA Corporation\PhysX\Common;C:\WINDOWS\system32;C:\WINDOWS;C:\WINDOWS\System32\Wbem;C:\WINDOWS\System32\WindowsPowerShell\v1.0\;C:\WINDOWS\System32\OpenSSH\;C:\Program Files\NVIDIA Corporation\NVIDIA NvDLISR;C:\Program Files\Git\cmd;C:\Program Files\Microsoft SQL Server\Client SDK\ODBC\170\Tools\Binn\;C:\Program Files (x86)\Microsoft SQL Server\150\Tools\Binn\;C:\Program Files\Microsoft SQL Server\150\Tools\Binn\;C:\Program Files\Microsoft SQL Server\150\DTS\Binn\;C:\Program Files (x86)\Microsoft SQL Server\150\DTS\Binn\;C:\Program Files\Azure Data Studio\bin;E:\Java_prog\jdk-15;C:\Users\Admin\AppData\Local\Programs\Python\Python39\;E:\Java_prog\jdk-15\bin;;C:\Program Files\Azure Data Studio\bin;., java.vendor=Oracle Corporation, java.vm.info=mixed mode, sharing, java.vm.version=15+36-1562, hibernate.bytecode.use_reflection_optimizer=false, sun.io.unicode.encoding=UnicodeLittle, hibernate.connection.pool_size=1, java.class.version=59.0}
2021-04-06 22:37:27 DEBUG JaccIntegrator:80 - Skipping JACC integration as it was not enabled
2021-04-06 22:37:27 DEBUG SessionFactoryImpl:300 - Instantiated session factory
2021-04-06 22:37:27 DEBUG TypeConfiguration$Scope:157 - Scoping TypeConfiguration [org.hibernate.type.spi.TypeConfiguration@1968a49c] to SessionFactoryImpl [org.hibernate.internal.SessionFactoryImpl@65fd6708]
2021-04-06 22:37:27 DEBUG ClassLoaderAccessImpl:60 - Not known whether passed class name [lesson_22.model.Account] is safe
2021-04-06 22:37:27 DEBUG ClassLoaderAccessImpl:62 - No temp ClassLoader provided; using live ClassLoader for loading potentially unsafe class : lesson_22.model.Account
2021-04-06 22:37:27 DEBUG ClassLoaderAccessImpl:60 - Not known whether passed class name [lesson_22.model.Status] is safe
2021-04-06 22:37:27 DEBUG ClassLoaderAccessImpl:62 - No temp ClassLoader provided; using live ClassLoader for loading potentially unsafe class : lesson_22.model.Status
2021-04-06 22:37:27 DEBUG ClassLoaderAccessImpl:60 - Not known whether passed class name [lesson_22.model.Client] is safe
2021-04-06 22:37:27 DEBUG ClassLoaderAccessImpl:62 - No temp ClassLoader provided; using live ClassLoader for loading potentially unsafe class : lesson_22.model.Client
2021-04-06 22:37:27 DEBUG AbstractEntityPersister:3924 - Static SQL for entity: lesson_22.model.Account
2021-04-06 22:37:27 DEBUG AbstractEntityPersister:3929 -  Version select: select id from accounts where id =?
2021-04-06 22:37:27 DEBUG AbstractEntityPersister:3932 -  Snapshot select: select account_.id, account_.client_id as client_i2_0_, account_.number as number3_0_, account_.value as value4_0_ from accounts account_ where account_.id=?
2021-04-06 22:37:27 DEBUG AbstractEntityPersister:394 -  Insert 0: insert into accounts (client_id, number, value, id) values (?, ?, ?, ?)
2021-04-06 22:37:27 DEBUG AbstractEntityPersister:394 -  Update 0: update accounts set client_id=?, number=?, value=? where id=?
2021-04-06 22:37:27 DEBUG AbstractEntityPersister:394 -  Delete 0: delete from accounts where id=?
2021-04-06 22:37:27 DEBUG QuerySpacesImpl:174 - Adding QuerySpace : uid = <gen:0> -> org.hibernate.loader.plan.build.internal.spaces.EntityQuerySpaceImpl@6a094db2]
2021-04-06 22:37:27 DEBUG MetamodelGraphWalker:146 - Visiting attribute path : clientId
2021-04-06 22:37:27 DEBUG MetamodelGraphWalker:146 - Visiting attribute path : number
2021-04-06 22:37:27 DEBUG MetamodelGraphWalker:146 - Visiting attribute path : value
2021-04-06 22:37:27 DEBUG FetchStyleLoadPlanBuildingAssociationVisitationStrategy:150 - Building LoadPlan...
2021-04-06 22:37:27 DEBUG LoadQueryJoinAndFetchProcessor:102 - processing queryspace <gen:0>
2021-04-06 22:37:27 DEBUG LoadPlanTreePrinter:55 - LoadPlan(entity=lesson_22.model.Account)
    - Returns
       - EntityReturnImpl(entity=lesson_22.model.Account, querySpaceUid=<gen:0>, path=lesson_22.model.Account)
    - QuerySpaces
       - EntityQuerySpaceImpl(uid=<gen:0>, entity=lesson_22.model.Account)
          - SQL table alias mapping - account0_
          - alias suffix - 0_
          - suffixed key columns - {id1_0_0_}

2021-04-06 22:37:27 DEBUG EntityLoader:129 - Static select for entity lesson_22.model.Account [NONE]: select account0_.id as id1_0_0_, account0_.client_id as client_i2_0_0_, account0_.number as number3_0_0_, account0_.value as value4_0_0_ from accounts account0_ where account0_.id=?
2021-04-06 22:37:27 DEBUG AbstractEntityPersister:3924 - Static SQL for entity: lesson_22.model.Status
2021-04-06 22:37:27 DEBUG AbstractEntityPersister:3929 -  Version select: select id from statuses where id =?
2021-04-06 22:37:27 DEBUG AbstractEntityPersister:3932 -  Snapshot select: select status_.id, status_.alias as alias2_2_, status_.description as descript3_2_ from statuses status_ where status_.id=?
2021-04-06 22:37:27 DEBUG AbstractEntityPersister:394 -  Insert 0: insert into statuses (alias, description, id) values (?, ?, ?)
2021-04-06 22:37:27 DEBUG AbstractEntityPersister:394 -  Update 0: update statuses set alias=?, description=? where id=?
2021-04-06 22:37:27 DEBUG AbstractEntityPersister:394 -  Delete 0: delete from statuses where id=?
2021-04-06 22:37:27 DEBUG QuerySpacesImpl:174 - Adding QuerySpace : uid = <gen:0> -> org.hibernate.loader.plan.build.internal.spaces.EntityQuerySpaceImpl@15400fff]
2021-04-06 22:37:27 DEBUG MetamodelGraphWalker:146 - Visiting attribute path : alias
2021-04-06 22:37:27 DEBUG MetamodelGraphWalker:146 - Visiting attribute path : description
2021-04-06 22:37:27 DEBUG FetchStyleLoadPlanBuildingAssociationVisitationStrategy:150 - Building LoadPlan...
2021-04-06 22:37:27 DEBUG LoadQueryJoinAndFetchProcessor:102 - processing queryspace <gen:0>
2021-04-06 22:37:27 DEBUG LoadPlanTreePrinter:55 - LoadPlan(entity=lesson_22.model.Status)
    - Returns
       - EntityReturnImpl(entity=lesson_22.model.Status, querySpaceUid=<gen:0>, path=lesson_22.model.Status)
    - QuerySpaces
       - EntityQuerySpaceImpl(uid=<gen:0>, entity=lesson_22.model.Status)
          - SQL table alias mapping - status0_
          - alias suffix - 0_
          - suffixed key columns - {id1_2_0_}

2021-04-06 22:37:27 DEBUG EntityLoader:129 - Static select for entity lesson_22.model.Status [NONE]: select status0_.id as id1_2_0_, status0_.alias as alias2_2_0_, status0_.description as descript3_2_0_ from statuses status0_ where status0_.id=?
2021-04-06 22:37:27 DEBUG AbstractEntityPersister:3924 - Static SQL for entity: lesson_22.model.Client
2021-04-06 22:37:27 DEBUG AbstractEntityPersister:3929 -  Version select: select id from clients where id =?
2021-04-06 22:37:27 DEBUG AbstractEntityPersister:3932 -  Snapshot select: select client_.id, client_.about as about2_1_, client_.age as age3_1_, client_.email as email4_1_, client_.name as name5_1_, client_.phone as phone6_1_ from clients client_ where client_.id=?
2021-04-06 22:37:27 DEBUG AbstractEntityPersister:394 -  Insert 0: insert into clients (about, age, email, name, phone, id) values (?, ?, ?, ?, ?, ?)
2021-04-06 22:37:27 DEBUG AbstractEntityPersister:394 -  Update 0: update clients set about=?, age=?, email=?, name=?, phone=? where id=?
2021-04-06 22:37:27 DEBUG AbstractEntityPersister:394 -  Delete 0: delete from clients where id=?
2021-04-06 22:37:27 DEBUG QuerySpacesImpl:174 - Adding QuerySpace : uid = <gen:0> -> org.hibernate.loader.plan.build.internal.spaces.EntityQuerySpaceImpl@1e7ab390]
2021-04-06 22:37:27 DEBUG MetamodelGraphWalker:146 - Visiting attribute path : about
2021-04-06 22:37:27 DEBUG MetamodelGraphWalker:146 - Visiting attribute path : age
2021-04-06 22:37:27 DEBUG MetamodelGraphWalker:146 - Visiting attribute path : email
2021-04-06 22:37:27 DEBUG MetamodelGraphWalker:146 - Visiting attribute path : name
2021-04-06 22:37:27 DEBUG MetamodelGraphWalker:146 - Visiting attribute path : phone
2021-04-06 22:37:27 DEBUG FetchStyleLoadPlanBuildingAssociationVisitationStrategy:150 - Building LoadPlan...
2021-04-06 22:37:27 DEBUG LoadQueryJoinAndFetchProcessor:102 - processing queryspace <gen:0>
2021-04-06 22:37:27 DEBUG LoadPlanTreePrinter:55 - LoadPlan(entity=lesson_22.model.Client)
    - Returns
       - EntityReturnImpl(entity=lesson_22.model.Client, querySpaceUid=<gen:0>, path=lesson_22.model.Client)
    - QuerySpaces
       - EntityQuerySpaceImpl(uid=<gen:0>, entity=lesson_22.model.Client)
          - SQL table alias mapping - client0_
          - alias suffix - 0_
          - suffixed key columns - {id1_1_0_}

2021-04-06 22:37:27 DEBUG EntityLoader:129 - Static select for entity lesson_22.model.Client [NONE]: select client0_.id as id1_1_0_, client0_.about as about2_1_0_, client0_.age as age3_1_0_, client0_.email as email4_1_0_, client0_.name as name5_1_0_, client0_.phone as phone6_1_0_ from clients client0_ where client0_.id=?
2021-04-06 22:37:27 INFO  access:47 - HHH10001501: Connection obtained from JdbcConnectionAccess [org.hibernate.engine.jdbc.env.internal.JdbcEnvironmentInitiator$ConnectionProviderJdbcConnectionAccess@173a6728] for (non-JTA) DDL execution was not in auto-commit mode; the Connection 'local transaction' will be committed and the Connection will be set into auto-commit mode.
2021-04-06 22:37:27 DEBUG Table:520 - No alter strings for table : accounts
2021-04-06 22:37:27 DEBUG Table:520 - No alter strings for table : clients
2021-04-06 22:37:27 DEBUG Table:520 - No alter strings for table : statuses
2021-04-06 22:37:27 DEBUG JtaPlatformInitiator:43 - No JtaPlatform was specified, checking resolver
2021-04-06 22:37:27 DEBUG JtaPlatformResolverInitiator:33 - No JtaPlatformResolver was specified, using default [org.hibernate.engine.transaction.jta.platform.internal.StandardJtaPlatformResolver]
2021-04-06 22:37:27 DEBUG StandardJtaPlatformResolver:137 - Could not resolve JtaPlatform, using default [org.hibernate.engine.transaction.jta.platform.internal.NoJtaPlatform]
2021-04-06 22:37:27 INFO  JtaPlatformInitiator:52 - HHH000490: Using JtaPlatform implementation: [org.hibernate.engine.transaction.jta.platform.internal.NoJtaPlatform]
2021-04-06 22:37:27 DEBUG NamedQueryRepository:153 - Checking 0 named HQL queries
2021-04-06 22:37:27 DEBUG NamedQueryRepository:167 - Checking 0 named SQL queries
2021-04-06 22:37:27 DEBUG SessionFactoryRegistry:51 - Initializing SessionFactoryRegistry : org.hibernate.internal.SessionFactoryRegistry@2bc426f0
2021-04-06 22:37:27 DEBUG SessionFactoryRegistry:73 - Registering SessionFactory: 53b848ac-633e-42f4-8314-365e8d09b8f4 (<unnamed>)
2021-04-06 22:37:27 DEBUG SessionFactoryRegistry:80 - Not binding SessionFactory to JNDI, no JNDI name configured
2021-04-06 22:37:28 DEBUG StatisticsInitiator:101 - Statistics initialized [enabled=false]
2021-04-06 22:37:28 DEBUG TransactionImpl:53 - On TransactionImpl creation, JpaCompliance#isJpaTransactionComplianceEnabled == false
2021-04-06 22:37:28 DEBUG TransactionImpl:81 - begin
2021-04-06 22:37:28 DEBUG SQL:144 - select nextval ('hibernate_sequence')
2021-04-06 22:37:28 DEBUG SequenceStructure:101 - Sequence value obtained: 3
2021-04-06 22:37:28 DEBUG ResourceRegistryStandardImpl:106 - HHH000387: ResultSet's statement was not registered
2021-04-06 22:37:28 DEBUG AbstractSaveEventListener:128 - Generated identifier: 3, using strategy: org.hibernate.id.enhanced.SequenceStyleGenerator
2021-04-06 22:37:28 DEBUG TransactionImpl:98 - committing
2021-04-06 22:37:28 DEBUG AbstractFlushingEventListener:140 - Processing flush-time cascades
2021-04-06 22:37:28 DEBUG AbstractFlushingEventListener:193 - Dirty checking collections
2021-04-06 22:37:28 DEBUG AbstractFlushingEventListener:114 - Flushed: 1 insertions, 0 updates, 0 deletions to 1 objects
2021-04-06 22:37:28 DEBUG AbstractFlushingEventListener:121 - Flushed: 0 (re)creations, 0 updates, 0 removals to 0 collections
2021-04-06 22:37:28 DEBUG EntityPrinter:110 - Listing entities:
2021-04-06 22:37:28 DEBUG EntityPrinter:117 - lesson_22.model.Client{phone=380677196071, about=Kind and friendly, name=Alina, id=3, age=22, email=alina2342@gmail.com}
2021-04-06 22:37:28 DEBUG SQL:144 - insert into clients (about, age, email, name, phone, id) values (?, ?, ?, ?, ?, ?)
2021-04-06 22:37:28 DEBUG LogicalConnectionManagedImpl:172 - Initiating JDBC connection release from afterTransaction
2021-04-06 22:37:28 DEBUG LogicalConnectionManagedImpl:172 - Initiating JDBC connection release from afterTransaction
